{"logTime": "0609/170731", "correlationVector":"sPEL3GbZOLaCyndZhkpx3B.1","action":"SyncServerConnectionManagerRequest", "result":"SYNC_SERVER_OK", "context":{"environment":"Prod_francecentral_prod-s01-062-eur-francecentral", "migrationStage":"NotStarted", "server":"akswtt00800000l"}}
{"logTime": "0609/170731", "correlationVector":"sPEL3GbZOLaCyndZhkpx3B.2","action":"ProcessGetUpdates", "result":"Done", "context":{"dataType":"Encryption Keys", "deleted":"0", "process_failed_to_decrypt":"0", "process_pending_decryption":"0", "process_success":"1", "total":"1"}}
{"logTime": "0609/170737", "correlationVector":"NPPJC59vAm0/70iSaNwDMg","action":"SyncServerConnectionManagerRequest", "result":"SYNC_SERVER_OK", "context":{"environment":"", "migrationStage":"", "server":""}}
{"logTime": "0609/170737", "correlationVector":"NPPJC59vAm0/70iSaNwDMg.0","action":"EncryptionKeysFetcher.DownloadKeys:", "result":"Success", "context":Key count: 4, Last key timestamp: 2025-06-09T17:07:33Z}
{"logTime": "0609/170737", "correlationVector":"NPPJC59vAm0/70iSaNwDMg.1","action":"EncryptionKeysManager::SetEncryptionKeys:", "result":"Success", "context":Key names[4]:[XUtTCrUOgJS/x9ACAt7ng8DFMzik9CNtDWL4T3UEFg7wKwuaVvCyOJ8PANlhMyWx31n+W/ig+27iHqK0uuDQxg==][mTCVyxGq880CZTaXU1zn/2A32h6xX0tCITZgZeIQLdkn5IvTb/p6IwfZlm7ruthcm7v2Ai3OjfJPwWeNC7TeBQ==][jYdgq2dAiRID2mNcGzL+ws563IuGFqg5s4lUR5tuZBWBuyMH2t4/CRWZrNxgYnoKosbE3k1YDpVzjOqMxfH4zg==][uFFP8JbLsC1FDa2+djMGRJ+rthN3eJWjRMFymLqUlvqSY/lfYEzC1TSjQl7SkbQqZY6yek7vSrPUXQTUPK2tXA==]}
{"logTime": "0609/170737", "correlationVector":"NPPJC59vAm0/70iSaNwDMg.2","action":"EncryptionKeysManager::SetEncryptionKeysWithTimestamps:", "result":"Success", "context":Key timestamps[4]:[2022-08-18T19:21:47Z][2023-02-15T16:58:27Z][2023-12-06T11:12:21Z][2025-06-09T17:07:33Z]}
{"logTime": "0609/170737", "correlationVector":"sPEL3GbZOLaCyndZhkpx3B","action":"Initial GetUpdates", "result":"", "context":Reason: NEW_CLIENT. cV=sPEL3GbZOLaCyndZhkpx3B}
{"logTime": "0609/170737", "correlationVector":"sPEL3GbZOLaCyndZhkpx3B.3","action":"GetUpdates Response", "result":"Success", "context":Received 1 update(s). cV=sPEL3GbZOLaCyndZhkpx3B.0;server=akswtt00800000l;cloudType=Consumer;environment=Prod_francecentral_prod-s01-062-eur-francecentral;migrationStage=NotStarted}
{"logTime": "0609/170737", "correlationVector":"59gj1wz38RSzbYDm8JX8TP","action":"Initial GetUpdates", "result":"", "context":Reason: NEWLY_SUPPORTED_DATATYPE. cV=59gj1wz38RSzbYDm8JX8TP}
{"logTime": "0609/170737", "correlationVector":"59gj1wz38RSzbYDm8JX8TP.1","action":"SyncServerConnectionManagerRequest", "result":"SYNC_SERVER_OK", "context":{"environment":"Prod_francecentral_prod-s01-062-eur-francecentral", "migrationStage":"NotStarted", "server":"akswtt00800003j"}}
{"logTime": "0609/170737", "correlationVector":"59gj1wz38RSzbYDm8JX8TP.2","action":"ProcessGetUpdates", "result":"Done", "context":{"dataType":"Preferences", "deleted":"0", "process_failed_to_decrypt":"0", "process_pending_decryption":"0", "process_success":"36", "total":"36"}}
{"logTime": "0609/170737", "correlationVector":"59gj1wz38RSzbYDm8JX8TP.3","action":"ProcessGetUpdates", "result":"Done", "context":{"dataType":"Passwords", "deleted":"0", "process_failed_to_decrypt":"0", "process_pending_decryption":"0", "process_success":"25", "total":"25"}}
{"logTime": "0609/170737", "correlationVector":"59gj1wz38RSzbYDm8JX8TP.4","action":"ProcessGetUpdates", "result":"Done", "context":{"dataType":"Device Info", "deleted":"0", "process_failed_to_decrypt":"0", "process_pending_decryption":"0", "process_success":"3", "total":"3"}}
{"logTime": "0609/170737", "correlationVector":"59gj1wz38RSzbYDm8JX8TP.5","action":"GetUpdates Response", "result":"Success", "context":Received 64 update(s). cV=59gj1wz38RSzbYDm8JX8TP.0;server=akswtt00800003j;cloudType=Consumer;environment=Prod_francecentral_prod-s01-062-eur-francecentral;migrationStage=NotStarted}
{"logTime": "0609/170737", "correlationVector":"2xY0aDb5Q4Y94pEF0/xy/T","action":"Initial GetUpdates", "result":"", "context":Reason: NEWLY_SUPPORTED_DATATYPE. cV=2xY0aDb5Q4Y94pEF0/xy/T}
{"logTime": "0609/170738", "correlationVector":"2xY0aDb5Q4Y94pEF0/xy/T.1","action":"SyncServerConnectionManagerRequest", "result":"SYNC_SERVER_OK", "context":{"environment":"Prod_francecentral_prod-s01-062-eur-francecentral", "migrationStage":"NotStarted", "server":"akswtt00800000a"}}
{"logTime": "0609/170738", "correlationVector":"2xY0aDb5Q4Y94pEF0/xy/T.2","action":"ProcessGetUpdates", "result":"Done", "context":{"dataType":"Bookmarks", "deleted":"0", "process_failed_to_decrypt":"0", "process_pending_decryption":"0", "process_success":"6", "total":"6"}}
{"logTime": "0609/170738", "correlationVector":"2xY0aDb5Q4Y94pEF0/xy/T.3","action":"GetUpdates Response", "result":"Success", "context":Received 6 update(s). cV=2xY0aDb5Q4Y94pEF0/xy/T.0;server=akswtt00800000a;cloudType=Consumer;environment=Prod_francecentral_prod-s01-062-eur-francecentral;migrationStage=NotStarted}
{"logTime": "0609/170738", "correlationVector":"uXIJ64keckGuTBR0gBAmJn","action":"Initial GetUpdates", "result":"", "context":Reason: NEWLY_SUPPORTED_DATATYPE. cV=uXIJ64keckGuTBR0gBAmJn}
{"logTime": "0609/170738", "correlationVector":"uXIJ64keckGuTBR0gBAmJn.1","action":"SyncServerConnectionManagerRequest", "result":"SYNC_SERVER_OK", "context":{"environment":"Prod_francecentral_prod-s01-062-eur-francecentral", "migrationStage":"NotStarted", "server":"akswtt00800000g"}}
{"logTime": "0609/170738", "correlationVector":"uXIJ64keckGuTBR0gBAmJn.2","action":"ProcessGetUpdates", "result":"Done", "context":{"dataType":"Autofill Profiles", "deleted":"0", "process_failed_to_decrypt":"0", "process_pending_decryption":"0", "process_success":"9", "total":"9"}}
{"logTime": "0609/170738", "correlationVector":"uXIJ64keckGuTBR0gBAmJn.3","action":"ProcessGetUpdates", "result":"Done", "context":{"dataType":"Autofill", "deleted":"0", "process_failed_to_decrypt":"0", "process_pending_decryption":"0", "process_success":"1", "total":"1"}}
{"logTime": "0609/170738", "correlationVector":"uXIJ64keckGuTBR0gBAmJn.4","action":"GetUpdates Response", "result":"Success", "context":Received 10 update(s). cV=uXIJ64keckGuTBR0gBAmJn.0;server=akswtt00800000g;cloudType=Consumer;environment=Prod_francecentral_prod-s01-062-eur-francecentral;migrationStage=NotStarted}
{"logTime": "0609/170738", "correlationVector":"MDD1kRq9bvIMqKFKTqCeyu","action":"Initial GetUpdates", "result":"", "context":Reason: NEWLY_SUPPORTED_DATATYPE. cV=MDD1kRq9bvIMqKFKTqCeyu}
{"logTime": "0609/170739", "correlationVector":"MDD1kRq9bvIMqKFKTqCeyu.1","action":"SyncServerConnectionManagerRequest", "result":"SYNC_SERVER_OK", "context":{"environment":"Prod_francecentral_prod-s01-062-eur-francecentral", "migrationStage":"NotStarted", "server":"akswtt00800005g"}}
{"logTime": "0609/170739", "correlationVector":"MDD1kRq9bvIMqKFKTqCeyu.2","action":"GetUpdates Response", "result":"Success", "context":Received 0 update(s). cV=MDD1kRq9bvIMqKFKTqCeyu.0;server=akswtt00800005g;cloudType=Consumer;environment=Prod_francecentral_prod-s01-062-eur-francecentral;migrationStage=NotStarted}
{"logTime": "0609/170739", "correlationVector":"R8cPOWslnVB+xD3HsaII/y","action":"Normal GetUpdate request", "result":"", "context":cV=R8cPOWslnVB+xD3HsaII/y
Nudged types: Bookmarks, Preferences, Sessions, Device Info, User Consents, Encryption Keys
Refresh requested types: Bookmarks, Preferences, Passwords, Autofill Profiles, Autofill, Extensions, Sessions, Extension settings, History Delete Directives, Device Info, User Consents, Send Tab To Self, Web Apps, History, Saved Tab Group, WebAuthn Credentials, Collection, Edge E Drop, Edge Hub App Usage, Edge Wallet, Encryption Keys}
{"logTime": "0609/170739", "correlationVector":"R8cPOWslnVB+xD3HsaII/y.1","action":"SyncServerConnectionManagerRequest", "result":"SYNC_SERVER_OK", "context":{"environment":"Prod_francecentral_prod-s01-062-eur-francecentral", "migrationStage":"NotStarted", "server":"akswtt008000058"}}
{"logTime": "0609/170739", "correlationVector":"R8cPOWslnVB+xD3HsaII/y.2","action":"GetUpdates Response", "result":"Success", "context":Received 0 update(s). cV=R8cPOWslnVB+xD3HsaII/y.0;server=akswtt008000058;cloudType=Consumer;environment=Prod_francecentral_prod-s01-062-eur-francecentral;migrationStage=NotStarted}
{"logTime": "0609/170739", "correlationVector":"FHDswyIS4sKUnIYPZEPQkm","action":"Commit Request", "result":"", "context":Item count: 1
Contributing types: Encryption Keys}
{"logTime": "0609/170740", "correlationVector":"FHDswyIS4sKUnIYPZEPQkm.1","action":"SyncServerConnectionManagerRequest", "result":"SYNC_SERVER_OK", "context":{"environment":"Prod_francecentral_prod-s01-062-eur-francecentral", "migrationStage":"NotStarted", "server":"akswtt00800000g"}}
{"logTime": "0609/170740", "correlationVector":"FHDswyIS4sKUnIYPZEPQkm.2","action":"Commit Response", "result":"Success", "context":Result: Success. cV=FHDswyIS4sKUnIYPZEPQkm.0;server=akswtt00800000g;cloudType=Consumer;environment=Prod_francecentral_prod-s01-062-eur-francecentral;migrationStage=NotStarted}
{"logTime": "0609/170742", "correlationVector":"NfjuQ/42XXgRrv6ZYVX41G","action":"Commit Request", "result":"", "context":Item count: 40
Contributing types: Bookmarks, Preferences, Passwords, Autofill Profiles, Device Info}
{"logTime": "0609/170744", "correlationVector":"NfjuQ/42XXgRrv6ZYVX41G.1","action":"SyncServerConnectionManagerRequest", "result":"SYNC_SERVER_OK", "context":{"environment":"Prod_francecentral_prod-s01-062-eur-francecentral", "migrationStage":"NotStarted", "server":"akswtt00800005j"}}
{"logTime": "0609/170744", "correlationVector":"NfjuQ/42XXgRrv6ZYVX41G.2","action":"Commit Response", "result":"Success", "context":Result: Success. cV=NfjuQ/42XXgRrv6ZYVX41G.0;server=akswtt00800005j;cloudType=Consumer;environment=Prod_francecentral_prod-s01-062-eur-francecentral;migrationStage=NotStarted}
{"logTime": "0609/170745", "correlationVector":"cGlKMSz11VFO3ydVJEZnL5","action":"Commit Request", "result":"", "context":Item count: 6
Contributing types: Preferences, Sessions, User Consents}
{"logTime": "0609/170745", "correlationVector":"cGlKMSz11VFO3ydVJEZnL5.1","action":"SyncServerConnectionManagerRequest", "result":"SYNC_SERVER_OK", "context":{"environment":"Prod_francecentral_prod-s01-062-eur-francecentral", "migrationStage":"NotStarted", "server":"akswtt00800005j"}}
{"logTime": "0609/170745", "correlationVector":"cGlKMSz11VFO3ydVJEZnL5.2","action":"Commit Response", "result":"Success", "context":Result: Success. cV=cGlKMSz11VFO3ydVJEZnL5.0;server=akswtt00800005j;cloudType=Consumer;environment=Prod_francecentral_prod-s01-062-eur-francecentral;migrationStage=NotStarted}
{"logTime": "0609/170745", "correlationVector":"icMbbjqQBZH8A1jkRxuoCb","action":"Commit Request", "result":"", "context":Item count: 14
Contributing types: Passwords}
{"logTime": "0609/170746", "correlationVector":"icMbbjqQBZH8A1jkRxuoCb.1","action":"SyncServerConnectionManagerRequest", "result":"SYNC_SERVER_OK", "context":{"environment":"Prod_francecentral_prod-s01-062-eur-francecentral", "migrationStage":"NotStarted", "server":"akswtt00800003j"}}
{"logTime": "0609/170746", "correlationVector":"icMbbjqQBZH8A1jkRxuoCb.2","action":"Commit Response", "result":"Success", "context":Result: Success. cV=icMbbjqQBZH8A1jkRxuoCb.0;server=akswtt00800003j;cloudType=Consumer;environment=Prod_francecentral_prod-s01-062-eur-francecentral;migrationStage=NotStarted}
{"logTime": "0609/170749", "correlationVector":"cioiP+PmsP3YstftvlBj82","action":"Commit Request", "result":"", "context":Item count: 2
Contributing types: History, Edge Hub App Usage}
{"logTime": "0609/170750", "correlationVector":"cioiP+PmsP3YstftvlBj82.1","action":"SyncServerConnectionManagerRequest", "result":"SYNC_SERVER_OK", "context":{"environment":"Prod_francecentral_prod-s01-062-eur-francecentral", "migrationStage":"NotStarted", "server":"akswtt00800004d"}}
{"logTime": "0609/170750", "correlationVector":"cioiP+PmsP3YstftvlBj82.2","action":"Commit Response", "result":"Success", "context":Result: Success. cV=cioiP+PmsP3YstftvlBj82.0;server=akswtt00800004d;cloudType=Consumer;environment=Prod_francecentral_prod-s01-062-eur-francecentral;migrationStage=NotStarted}
{"logTime": "0609/170823", "correlationVector":"wm4i95E+l2mc30jNv93gO1","action":"Commit Request", "result":"", "context":Item count: 3
Contributing types: Sessions, User Consents, History}
{"logTime": "0609/170824", "correlationVector":"wm4i95E+l2mc30jNv93gO1.1","action":"SyncServerConnectionManagerRequest", "result":"SYNC_SERVER_OK", "context":{"environment":"Prod_francecentral_prod-s01-062-eur-francecentral", "migrationStage":"NotStarted", "server":"akswtt00800004y"}}
{"logTime": "0609/170824", "correlationVector":"wm4i95E+l2mc30jNv93gO1.2","action":"Commit Response", "result":"Success", "context":Result: Success. cV=wm4i95E+l2mc30jNv93gO1.0;server=akswtt00800004y;cloudType=Consumer;environment=Prod_francecentral_prod-s01-062-eur-francecentral;migrationStage=NotStarted}
{"logTime": "0609/170828", "correlationVector":"HOjTHWfMnVXBLgCRvPUp8L","action":"Commit Request", "result":"", "context":Item count: 1
Contributing types: Preferences}
{"logTime": "0609/170830", "correlationVector":"HOjTHWfMnVXBLgCRvPUp8L.1","action":"SyncServerConnectionManagerRequest", "result":"SYNC_SERVER_OK", "context":{"environment":"Prod_francecentral_prod-s01-062-eur-francecentral", "migrationStage":"NotStarted", "server":"akswtt00800001e"}}
{"logTime": "0609/170830", "correlationVector":"HOjTHWfMnVXBLgCRvPUp8L.3","action":"Commit.Preferences", "result":"Success", "context":{"id":"d198f745-c05d-48dc-a48d-a25ccc65ad28", "isDeleted":"true", "size":"0", "version":"1676480318321"}}
{"logTime": "0609/170830", "correlationVector":"HOjTHWfMnVXBLgCRvPUp8L.2","action":"Commit Response", "result":"Success", "context":Result: Success. cV=HOjTHWfMnVXBLgCRvPUp8L.0;server=akswtt00800001e;cloudType=Consumer;environment=Prod_francecentral_prod-s01-062-eur-francecentral;migrationStage=NotStarted}
{"logTime": "0610/060258", "correlationVector":"jLgvXWNs5wdjKPYH6ioGvG.1","action":"SyncServerConnectionManagerRequest", "result":"SYNC_SERVER_OK", "context":{"environment":"Prod_francecentral_prod-s01-062-eur-francecentral", "migrationStage":"NotStarted", "server":"akswtt00800002z"}}
{"logTime": "0610/060258", "correlationVector":"jLgvXWNs5wdjKPYH6ioGvG.2","action":"ProcessGetUpdates", "result":"Done", "context":{"dataType":"Encryption Keys", "deleted":"0", "process_failed_to_decrypt":"0", "process_pending_decryption":"0", "process_success":"1", "total":"1"}}
{"logTime": "0610/060302", "correlationVector":"dZMPU1vwzZahj8CjPNLZg4","action":"SyncServerConnectionManagerRequest", "result":"SYNC_SERVER_OK", "context":{"environment":"", "migrationStage":"", "server":""}}
{"logTime": "0610/060302", "correlationVector":"dZMPU1vwzZahj8CjPNLZg4.0","action":"EncryptionKeysFetcher.DownloadKeys:", "result":"Success", "context":Key count: 4, Last key timestamp: 2025-06-09T17:07:33Z}
{"logTime": "0610/060302", "correlationVector":"dZMPU1vwzZahj8CjPNLZg4.1","action":"EncryptionKeysManager::SetEncryptionKeys:", "result":"Success", "context":Key names[4]:[XUtTCrUOgJS/x9ACAt7ng8DFMzik9CNtDWL4T3UEFg7wKwuaVvCyOJ8PANlhMyWx31n+W/ig+27iHqK0uuDQxg==][mTCVyxGq880CZTaXU1zn/2A32h6xX0tCITZgZeIQLdkn5IvTb/p6IwfZlm7ruthcm7v2Ai3OjfJPwWeNC7TeBQ==][jYdgq2dAiRID2mNcGzL+ws563IuGFqg5s4lUR5tuZBWBuyMH2t4/CRWZrNxgYnoKosbE3k1YDpVzjOqMxfH4zg==][uFFP8JbLsC1FDa2+djMGRJ+rthN3eJWjRMFymLqUlvqSY/lfYEzC1TSjQl7SkbQqZY6yek7vSrPUXQTUPK2tXA==]}
{"logTime": "0610/060302", "correlationVector":"dZMPU1vwzZahj8CjPNLZg4.2","action":"EncryptionKeysManager::SetEncryptionKeysWithTimestamps:", "result":"Success", "context":Key timestamps[4]:[2022-08-18T19:21:47Z][2023-02-15T16:58:27Z][2023-12-06T11:12:21Z][2025-06-09T17:07:33Z]}
{"logTime": "0610/060302", "correlationVector":"jLgvXWNs5wdjKPYH6ioGvG","action":"Initial GetUpdates", "result":"", "context":Reason: NEW_CLIENT. cV=jLgvXWNs5wdjKPYH6ioGvG}
{"logTime": "0610/060302", "correlationVector":"jLgvXWNs5wdjKPYH6ioGvG.3","action":"GetUpdates Response", "result":"Success", "context":Received 1 update(s). cV=jLgvXWNs5wdjKPYH6ioGvG.0;server=akswtt00800002z;cloudType=Consumer;environment=Prod_francecentral_prod-s01-062-eur-francecentral;migrationStage=NotStarted}
{"logTime": "0610/060302", "correlationVector":"wYJvGVcUJsWzNTjgD51O0z","action":"Initial GetUpdates", "result":"", "context":Reason: NEWLY_SUPPORTED_DATATYPE. cV=wYJvGVcUJsWzNTjgD51O0z}
{"logTime": "0610/060303", "correlationVector":"wYJvGVcUJsWzNTjgD51O0z.1","action":"SyncServerConnectionManagerRequest", "result":"SYNC_SERVER_OK", "context":{"environment":"Prod_francecentral_prod-s01-062-eur-francecentral", "migrationStage":"NotStarted", "server":"akswtt008000035"}}
{"logTime": "0610/060303", "correlationVector":"wYJvGVcUJsWzNTjgD51O0z.2","action":"ProcessGetUpdates", "result":"Done", "context":{"dataType":"Passwords", "deleted":"0", "process_failed_to_decrypt":"0", "process_pending_decryption":"0", "process_success":"26", "total":"26"}}
{"logTime": "0610/060303", "correlationVector":"wYJvGVcUJsWzNTjgD51O0z.3","action":"GetUpdates Response", "result":"Success", "context":Received 26 update(s). cV=wYJvGVcUJsWzNTjgD51O0z.0;server=akswtt008000035;cloudType=Consumer;environment=Prod_francecentral_prod-s01-062-eur-francecentral;migrationStage=NotStarted}
{"logTime": "0610/060303", "correlationVector":"lGiVtwULGsvzf9d3EYB3LH","action":"Normal GetUpdate request", "result":"", "context":cV=lGiVtwULGsvzf9d3EYB3LH
Nudged types: Sessions, History
Refresh requested types: Bookmarks, Preferences, Passwords, Autofill Profiles, Autofill, Extensions, Sessions, Extension settings, History Delete Directives, Device Info, User Consents, Send Tab To Self, Web Apps, History, Saved Tab Group, WebAuthn Credentials, Collection, Edge E Drop, Edge Hub App Usage, Edge Wallet, Encryption Keys}
{"logTime": "0610/060303", "correlationVector":"lGiVtwULGsvzf9d3EYB3LH.1","action":"SyncServerConnectionManagerRequest", "result":"SYNC_SERVER_OK", "context":{"environment":"Prod_francecentral_prod-s01-062-eur-francecentral", "migrationStage":"NotStarted", "server":"akswtt008000002"}}
{"logTime": "0610/060303", "correlationVector":"lGiVtwULGsvzf9d3EYB3LH.2","action":"ProcessGetUpdates", "result":"Done", "context":{"dataType":"Preferences", "deleted":"2", "process_failed_to_decrypt":"0", "process_pending_decryption":"0", "process_success":"11", "total":"11"}}
{"logTime": "0610/060303", "correlationVector":"lGiVtwULGsvzf9d3EYB3LH.3","action":"ProcessGetUpdates", "result":"Done", "context":{"dataType":"Autofill Profiles", "deleted":"9", "process_failed_to_decrypt":"0", "process_pending_decryption":"0", "process_success":"9", "total":"9"}}
{"logTime": "0610/060303", "correlationVector":"lGiVtwULGsvzf9d3EYB3LH.4","action":"ProcessGetUpdates", "result":"Done", "context":{"dataType":"Sessions", "deleted":"1", "process_failed_to_decrypt":"0", "process_pending_decryption":"0", "process_success":"3", "total":"3"}}
{"logTime": "0610/060303", "correlationVector":"lGiVtwULGsvzf9d3EYB3LH.5","action":"ProcessGetUpdates", "result":"Done", "context":{"dataType":"Device Info", "deleted":"0", "process_failed_to_decrypt":"0", "process_pending_decryption":"0", "process_success":"1", "total":"1"}}
{"logTime": "0610/060303", "correlationVector":"lGiVtwULGsvzf9d3EYB3LH.6","action":"ProcessGetUpdates", "result":"Done", "context":{"dataType":"History", "deleted":"0", "process_failed_to_decrypt":"0", "process_pending_decryption":"0", "process_success":"1", "total":"1"}}
{"logTime": "0610/060303", "correlationVector":"lGiVtwULGsvzf9d3EYB3LH.7","action":"ProcessGetUpdates", "result":"Done", "context":{"dataType":"Edge Hub App Usage", "deleted":"0", "process_failed_to_decrypt":"0", "process_pending_decryption":"0", "process_success":"1", "total":"1"}}
{"logTime": "0610/060303", "correlationVector":"lGiVtwULGsvzf9d3EYB3LH.8","action":"GetUpdates Response", "result":"Success", "context":Received 26 update(s). cV=lGiVtwULGsvzf9d3EYB3LH.0;server=akswtt008000002;cloudType=Consumer;environment=Prod_francecentral_prod-s01-062-eur-francecentral;migrationStage=NotStarted}
{"logTime": "0610/060304", "correlationVector":"aWGjw1dMIMQu9LTILR0sBF","action":"Poll GetUpdate request", "result":"", "context":cV=aWGjw1dMIMQu9LTILR0sBF}
{"logTime": "0610/060305", "correlationVector":"aWGjw1dMIMQu9LTILR0sBF.1","action":"SyncServerConnectionManagerRequest", "result":"SYNC_SERVER_OK", "context":{"environment":"Prod_francecentral_prod-s01-062-eur-francecentral", "migrationStage":"NotStarted", "server":"akswtt00800004n"}}
{"logTime": "0610/060305", "correlationVector":"aWGjw1dMIMQu9LTILR0sBF.2","action":"GetUpdates Response", "result":"Success", "context":Received 0 update(s). cV=aWGjw1dMIMQu9LTILR0sBF.0;server=akswtt00800004n;cloudType=Consumer;environment=Prod_francecentral_prod-s01-062-eur-francecentral;migrationStage=NotStarted}
{"logTime": "0610/060305", "correlationVector":"j7Sbm8CfheYL5um9kIS2X3","action":"DoCompareDataConsistency requsted types: ", "result":"Bookmarks, Preferences, Passwords, Extensions, Extension settings, History Delete Directives, Send Tab To Self, Web Apps, History, Saved Tab Group, WebAuthn Credentials, Collection, Edge E Drop, Edge Wallet, Encryption Keys"}
{"logTime": "0610/060305", "correlationVector":"j7Sbm8CfheYL5um9kIS2X3.0","action":"CompareDataConsistency result: ", "result":"Compare result: Encryption Keys is consistent. local entities count is: 1 local entities hash is: o0Z7/E354/VKfM4MgVPkbx3E3po="}
{"logTime": "0610/060305", "correlationVector":"j7Sbm8CfheYL5um9kIS2X3.1","action":"CompareDataConsistency result: ", "result":"Compare result: Bookmarks is consistent. local entities count is: 1 local entities hash is: ogy6MBdGyktdR4rPdmImviVlMrw="}
{"logTime": "0610/060305", "correlationVector":"j7Sbm8CfheYL5um9kIS2X3.2","action":"CompareDataConsistency result: ", "result":"Compare result: Preferences is consistent. local entities count is: 44 local entities hash is: H4EPZqBAKVkFWFnkWXg0C0HqjW8="}
{"logTime": "0610/060305", "correlationVector":"j7Sbm8CfheYL5um9kIS2X3.3","action":"CompareDataConsistency result: ", "result":"Compare result: Extensions is consistent. local entities count is: 0 local entities hash is: "}
{"logTime": "0610/060305", "correlationVector":"j7Sbm8CfheYL5um9kIS2X3.4","action":"CompareDataConsistency result: ", "result":"Compare result: Extension settings is consistent. local entities count is: 0 local entities hash is: "}
{"logTime": "0610/060305", "correlationVector":"j7Sbm8CfheYL5um9kIS2X3.5","action":"CompareDataConsistency result: ", "result":"Compare result: History Delete Directives is consistent. local entities count is: 0 local entities hash is: "}
{"logTime": "0610/060305", "correlationVector":"j7Sbm8CfheYL5um9kIS2X3.6","action":"CompareDataConsistency result: ", "result":"Server did not send this Send Tab To Self local entities count is: 0 local entities hash is: "}
{"logTime": "0610/060305", "correlationVector":"j7Sbm8CfheYL5um9kIS2X3.7","action":"CompareDataConsistency result: ", "result":"Compare result: Web Apps is consistent. local entities count is: 0 local entities hash is: "}
{"logTime": "0610/060305", "correlationVector":"j7Sbm8CfheYL5um9kIS2X3.8","action":"CompareDataConsistency result: ", "result":"Server did not send this History local entities count is: 0 local entities hash is: "}
{"logTime": "0610/060305", "correlationVector":"j7Sbm8CfheYL5um9kIS2X3.9","action":"CompareDataConsistency result: ", "result":"Compare result: Saved Tab Group is consistent. local entities count is: 0 local entities hash is: "}
{"logTime": "0610/060305", "correlationVector":"j7Sbm8CfheYL5um9kIS2X3.10","action":"CompareDataConsistency result: ", "result":"Server did not send this WebAuthn Credentials local entities count is: 0 local entities hash is: "}
{"logTime": "0610/060305", "correlationVector":"j7Sbm8CfheYL5um9kIS2X3.11","action":"CompareDataConsistency result: ", "result":"Compare result: Collection is consistent. local entities count is: 0 local entities hash is: "}
{"logTime": "0610/060305", "correlationVector":"j7Sbm8CfheYL5um9kIS2X3.12","action":"CompareDataConsistency result: ", "result":"Compare result: Edge E Drop is consistent. local entities count is: 0 local entities hash is: "}
{"logTime": "0610/060305", "correlationVector":"j7Sbm8CfheYL5um9kIS2X3.13","action":"CompareDataConsistency result: ", "result":"Compare result: Edge Wallet is consistent. local entities count is: 0 local entities hash is: "}
{"logTime": "0610/060305", "correlationVector":"j7Sbm8CfheYL5um9kIS2X3.14","action":"CompareDataConsistency result: ", "result":"Compare result: Passwords is consistent. local entities count is: 26 local entities hash is: Vlh3F4rmNdpMFwlFrAIzoDqKCTw="}
{"logTime": "0610/060305", "correlationVector":"","action":"DIAGNOSTIC_REQUEST|v1/diagnosticData/Diagnostic.SendCheckResult()|SUCCESS", "result":""}
{"logTime": "0610/060309", "correlationVector":"FggV/qfSPA3cPFbA1OWW9f","action":"Commit Request", "result":"", "context":Item count: 15
Contributing types: Preferences, Passwords}
{"logTime": "0610/060310", "correlationVector":"FggV/qfSPA3cPFbA1OWW9f.1","action":"SyncServerConnectionManagerRequest", "result":"SYNC_SERVER_OK", "context":{"environment":"Prod_francecentral_prod-s01-062-eur-francecentral", "migrationStage":"NotStarted", "server":"akswtt00800000f"}}
{"logTime": "0610/060310", "correlationVector":"FggV/qfSPA3cPFbA1OWW9f.2","action":"Commit Response", "result":"Success", "context":Result: Success. cV=FggV/qfSPA3cPFbA1OWW9f.0;server=akswtt00800000f;cloudType=Consumer;environment=Prod_francecentral_prod-s01-062-eur-francecentral;migrationStage=NotStarted}
{"logTime": "0610/060353", "correlationVector":"41PoiGMUUqglCPbSW6jBvi","action":"Commit Request", "result":"", "context":Item count: 2
Contributing types: Sessions}
{"logTime": "0610/060354", "correlationVector":"41PoiGMUUqglCPbSW6jBvi.1","action":"SyncServerConnectionManagerRequest", "result":"SYNC_SERVER_OK", "context":{"environment":"Prod_francecentral_prod-s01-062-eur-francecentral", "migrationStage":"NotStarted", "server":"akswtt008000026"}}
{"logTime": "0610/060354", "correlationVector":"41PoiGMUUqglCPbSW6jBvi.2","action":"Commit Response", "result":"Success", "context":Result: Success. cV=41PoiGMUUqglCPbSW6jBvi.0;server=akswtt008000026;cloudType=Consumer;environment=Prod_francecentral_prod-s01-062-eur-francecentral;migrationStage=NotStarted}
